0 info it worked if it ends with ok
1 verbose cli [ '/home/pradeep/.nvm/versions/node/v0.12.7/bin/node',
1 verbose cli   '/home/pradeep/.nvm/versions/node/v0.12.7/bin/npm',
1 verbose cli   'publish' ]
2 info using npm@2.11.3
3 info using node@v0.12.7
4 verbose publish [ '.' ]
5 silly cache add args [ '.', null ]
6 verbose cache add spec .
7 silly cache add parsed spec { raw: '.',
7 silly cache add   scope: null,
7 silly cache add   name: null,
7 silly cache add   rawSpec: '.',
7 silly cache add   spec: '/home/pradeep/dev/projects/flex-classes',
7 silly cache add   type: 'directory' }
8 verbose addLocalDirectory /home/pradeep/.npm/flex-classes/1.0.0/package.tgz not in flight; packing
9 verbose tar pack [ '/home/pradeep/.npm/flex-classes/1.0.0/package.tgz',
9 verbose tar pack   '/home/pradeep/dev/projects/flex-classes' ]
10 verbose tarball /home/pradeep/.npm/flex-classes/1.0.0/package.tgz
11 verbose folder /home/pradeep/dev/projects/flex-classes
12 info prepublish flex-classes@1.0.0
13 verbose addLocalTarball adding from inside cache /home/pradeep/.npm/flex-classes/1.0.0/package.tgz
14 silly cache afterAdd flex-classes@1.0.0
15 verbose afterAdd /home/pradeep/.npm/flex-classes/1.0.0/package/package.json not in flight; writing
16 verbose afterAdd /home/pradeep/.npm/flex-classes/1.0.0/package/package.json written
17 silly publish { name: 'flex-classes',
17 silly publish   version: '1.0.0',
17 silly publish   description: 'Flex utility classes',
17 silly publish   main: 'dist/styles.css',
17 silly publish   scripts: { test: 'echo "Error: no test specified" && exit 1' },
17 silly publish   author: { name: 'Pradeep singh', email: 'pradeep1991singh@gmail.com' },
17 silly publish   license: 'ISC',
17 silly publish   devDependencies:
17 silly publish    { gulp: '^3.9.1',
17 silly publish      'gulp-config': '^0.3.0',
17 silly publish      'gulp-natural-sort': '^0.1.1',
17 silly publish      'gulp-plumber': '^1.1.0',
17 silly publish      'gulp-rimraf': '^0.2.0',
17 silly publish      'gulp-sass': '^2.2.0',
17 silly publish      'gulp-sourcemaps': '^1.6.0',
17 silly publish      'gulp-typescript': '^2.11.0',
17 silly publish      'gulp-watch': '^4.3.5',
17 silly publish      'run-sequence': '^1.1.5' },
17 silly publish   readme: '# flex-classes:\n> Flex utility classes\n\n## [usage](#usage):\n```\n\n<div class="flex__container direction__row-reverse">\n\t<div class="flex__item">\n\t\tflex item 1\n\t</div>\n\t<div class="flex__item">\n\t\tflex item 2\n\t</div>\n\t<div class="flex__item">\n\t\tflex item 3\n\t</div>\n</div>\n\n```\n\n## installation:\n\n### install via bower:\n** install package and add it to bower.json dependencies **\n$ bower install flex-classes --save\n\n** install package and add it to bower.json devDependencies **\n$ bower install flex-classes --save-dev\n\n### install via npm:\n$ npm install flex-classes\n\n\n## Contributors\n\nLet people know how they can dive into the project, include important links to things like issue trackers, irc, twitter accounts if applicable.\n\n## License\nCopyright (c) 2016, pradeep singh\n\nPermission to use, copy, modify, and/or distribute this software for any\npurpose with or without fee is hereby granted, provided that the above\ncopyright notice and this permission notice appear in all copies.\n\nTHE SOFTWARE IS PROVIDED "AS IS" AND THE AUTHOR DISCLAIMS ALL WARRANTIES\nWITH REGARD TO THIS SOFTWARE INCLUDING ALL IMPLIED WARRANTIES OF\nMERCHANTABILITY AND FITNESS. IN NO EVENT SHALL THE AUTHOR BE LIABLE FOR\nANY SPECIAL, DIRECT, INDIRECT, OR CONSEQUENTIAL DAMAGES OR ANY DAMAGES\nWHATSOEVER RESULTING FROM LOSS OF USE, DATA OR PROFITS, WHETHER IN AN\nACTION OF CONTRACT, NEGLIGENCE OR OTHER TORTIOUS ACTION, ARISING OUT OF\nOR IN CONNECTION WITH THE USE OR PERFORMANCE OF THIS SOFTWARE.',
17 silly publish   readmeFilename: 'README.md',
17 silly publish   gitHead: '090c14f167861c3aa50cdba280084456987d1e2d',
17 silly publish   _id: 'flex-classes@1.0.0',
17 silly publish   _shasum: '0c63feefe044e16346793b765034448391c58a5e',
17 silly publish   _from: '.' }
18 verbose getPublishConfig undefined
19 silly mapToRegistry name flex-classes
20 silly mapToRegistry using default registry
21 silly mapToRegistry registry https://registry.npmjs.org/
22 silly mapToRegistry uri https://registry.npmjs.org/flex-classes
23 verbose publish registryBase https://registry.npmjs.org/
24 silly publish uploading /home/pradeep/.npm/flex-classes/1.0.0/package.tgz
25 verbose request uri https://registry.npmjs.org/flex-classes
26 verbose request sending authorization for write operation
27 info attempt registry request try #1 at 4:58:55 PM
28 verbose request using bearer token for auth
29 verbose request id 24f4de2675a8a188
30 http request PUT https://registry.npmjs.org/flex-classes
31 http 403 https://registry.npmjs.org/flex-classes
32 verbose headers { 'content-type': 'application/json',
32 verbose headers   'cache-control': 'max-age=300',
32 verbose headers   'content-length': '95',
32 verbose headers   'accept-ranges': 'bytes',
32 verbose headers   date: 'Wed, 24 Feb 2016 11:28:57 GMT',
32 verbose headers   via: '1.1 varnish',
32 verbose headers   connection: 'keep-alive',
32 verbose headers   'x-served-by': 'cache-hkg6826-HKG',
32 verbose headers   'x-cache': 'MISS',
32 verbose headers   'x-cache-hits': '0',
32 verbose headers   'x-timer': 'S1456313336.419522,VS0,VE965' }
33 verbose request invalidating /home/pradeep/.npm/registry.npmjs.org/flex-classes on PUT
34 error publish Failed PUT 403
35 verbose stack Error: "You cannot publish over the previously published version 1.0.0." : flex-classes
35 verbose stack     at CachingRegistryClient.<anonymous> (/home/pradeep/.nvm/versions/node/v0.12.7/lib/node_modules/npm/node_modules/npm-registry-client/lib/request.js:247:14)
35 verbose stack     at Request._callback (/home/pradeep/.nvm/versions/node/v0.12.7/lib/node_modules/npm/node_modules/npm-registry-client/lib/request.js:170:14)
35 verbose stack     at Request.self.callback (/home/pradeep/.nvm/versions/node/v0.12.7/lib/node_modules/npm/node_modules/request/request.js:354:22)
35 verbose stack     at Request.emit (events.js:110:17)
35 verbose stack     at Request.<anonymous> (/home/pradeep/.nvm/versions/node/v0.12.7/lib/node_modules/npm/node_modules/request/request.js:1207:14)
35 verbose stack     at Request.emit (events.js:129:20)
35 verbose stack     at IncomingMessage.<anonymous> (/home/pradeep/.nvm/versions/node/v0.12.7/lib/node_modules/npm/node_modules/request/request.js:1153:12)
35 verbose stack     at IncomingMessage.emit (events.js:129:20)
35 verbose stack     at _stream_readable.js:908:16
35 verbose stack     at process._tickCallback (node.js:355:11)
36 verbose statusCode 403
37 verbose pkgid flex-classes
38 verbose cwd /home/pradeep/dev/projects/flex-classes
39 error Linux 4.2.0-27-generic
40 error argv "/home/pradeep/.nvm/versions/node/v0.12.7/bin/node" "/home/pradeep/.nvm/versions/node/v0.12.7/bin/npm" "publish"
41 error node v0.12.7
42 error npm  v2.11.3
43 error code E403
44 error "You cannot publish over the previously published version 1.0.0." : flex-classes
45 error If you need help, you may report this error at:
45 error     <https://github.com/npm/npm/issues>
46 verbose exit [ 1, true ]
